<?xml version="1.0" encoding="UTF-8"?>
<!-- Generated by org.testng.reporters.JUnitReportReporter -->
<testsuite hostname="DESKTOP-RFTFPTR" failures="0" tests="2" name="com.ankamreddi.mongodb.connections.WebScrapTest" time="16.092" errors="0" timestamp="30 Sep 2020 14:46:07 GMT" skipped="0">
  <testcase classname="com.ankamreddi.mongodb.connections.WebScrapTest" name="webScrapeTest" time="8.605"/>
  <testcase classname="com.ankamreddi.mongodb.connections.WebScrapTest" name="webScrapeTest" time="7.487"/>
</testsuite> <!-- com.ankamreddi.mongodb.connections.WebScrapTest -->
